<?xml version="1.0" encoding="UTF-8"?>
<!-- Generated by org.testng.reporters.JUnitReportReporter -->
<testsuite skipped="0" hostname="DESKTOP-O0HJJDF" name="checkBoxDemo.TC003_checkBoxDemo_single" tests="1" failures="0" timestamp="03 Oct 2018 18:10:01 GMT" time="9.451" errors="0">
  <testcase name="checkBoxDemo_singles" time="9.451" classname="checkBoxDemo.TC003_checkBoxDemo_single"/>
</testsuite> <!-- checkBoxDemo.TC003_checkBoxDemo_single -->
