<?xml version="1.0" encoding="UTF-8"?>
<!-- Generated by org.testng.reporters.JUnitReportReporter -->
<testsuite hostname="Ahammed" name="simpleFormDemo.TC001_SimpleFormDemo" tests="1" failures="0" timestamp="23 Nov 2017 03:41:41 GMT" time="9.517" errors="0">
  <testcase name="SimpleFormDemo" time="9.517" classname="simpleFormDemo.TC001_SimpleFormDemo"/>
</testsuite> <!-- simpleFormDemo.TC001_SimpleFormDemo -->
