<?xml version="1.0" encoding="UTF-8"?>
<!-- Generated by org.testng.reporters.JUnitReportReporter -->
<testsuite skipped="0" hostname="DESKTOP-O0HJJDF" name="checkBoxDemo.TC004_checkBoxDemo_multiBox" tests="1" failures="0" timestamp="03 Oct 2018 18:10:01 GMT" time="8.557" errors="0">
  <testcase name="checkBoxDemo_multiBox" time="8.557" classname="checkBoxDemo.TC004_checkBoxDemo_multiBox"/>
</testsuite> <!-- checkBoxDemo.TC004_checkBoxDemo_multiBox -->
